# JRE version: OpenJDK Runtime Environment (11.0.13) (build 11.0.13+0-b1751.21-8125866)
# Java VM: OpenJDK 64-Bit Server VM (11.0.13+0-b1751.21-8125866, mixed mode, tiered, compressed oops, g1 gc, windows-amd64)
Heap:
 garbage-first heap   total 262144K, used 131197K [0x0000000080000000, 0x0000000100000000)
  region size 1024K, 81 young (82944K), 11 survivors (11264K)
 Metaspace       used 74806K, capacity 76418K, committed 76496K, reserved 1116160K
  class space    used 9606K, capacity 10215K, committed 10272K, reserved 1048576K
GC Heap History (12 events):
Event: 0.822 GC heap before
{Heap before GC invocations=0 (full 0):
 garbage-first heap   total 262144K, used 29696K [0x0000000080000000, 0x0000000100000000)
  region size 1024K, 24 young (24576K), 0 survivors (0K)
 Metaspace       used 10133K, capacity 10393K, committed 10624K, reserved 1058816K
  class space    used 1042K, capacity 1108K, committed 1152K, reserved 1048576K
}
Event: 0.826 GC heap after
{Heap after GC invocations=1 (full 0):
 garbage-first heap   total 262144K, used 9498K [0x0000000080000000, 0x0000000100000000)
  region size 1024K, 3 young (3072K), 3 survivors (3072K)
 Metaspace       used 10133K, capacity 10393K, committed 10624K, reserved 1058816K
  class space    used 1042K, capacity 1108K, committed 1152K, reserved 1048576K
}
Event: 2.692 GC heap before
{Heap before GC invocations=1 (full 0):
 garbage-first heap   total 262144K, used 113946K [0x0000000080000000, 0x0000000100000000)
  region size 1024K, 106 young (108544K), 3 survivors (3072K)
 Metaspace       used 20741K, capacity 21187K, committed 21296K, reserved 1069056K
  class space    used 2525K, capacity 2686K, committed 2688K, reserved 1048576K
}
Event: 2.701 GC heap after
{Heap after GC invocations=2 (full 0):
 garbage-first heap   total 262144K, used 17051K [0x0000000080000000, 0x0000000100000000)
  region size 1024K, 11 young (11264K), 11 survivors (11264K)
 Metaspace       used 20741K, capacity 21187K, committed 21296K, reserved 1069056K
  class space    used 2525K, capacity 2686K, committed 2688K, reserved 1048576K
}
Event: 3.128 GC heap before
{Heap before GC invocations=3 (full 0):
 garbage-first heap   total 262144K, used 61083K [0x0000000080000000, 0x0000000100000000)
  region size 1024K, 54 young (55296K), 11 survivors (11264K)
 Metaspace       used 25121K, capacity 25734K, committed 25980K, reserved 1071104K
  class space    used 3219K, capacity 3420K, committed 3532K, reserved 1048576K
}
Event: 3.135 GC heap after
{Heap after GC invocations=4 (full 0):
 garbage-first heap   total 262144K, used 19253K [0x0000000080000000, 0x0000000100000000)
  region size 1024K, 3 young (3072K), 3 survivors (3072K)
 Metaspace       used 25121K, capacity 25734K, committed 25980K, reserved 1071104K
  class space    used 3219K, capacity 3420K, committed 3532K, reserved 1048576K
}
Event: 4.394 GC heap before
{Heap before GC invocations=4 (full 0):
 garbage-first heap   total 262144K, used 92981K [0x0000000080000000, 0x0000000100000000)
  region size 1024K, 76 young (77824K), 3 survivors (3072K)
 Metaspace       used 35175K, capacity 35950K, committed 36048K, reserved 1081344K
  class space    used 4517K, capacity 4834K, committed 4896K, reserved 1048576K
}
Event: 4.403 GC heap after
{Heap after GC invocations=5 (full 0):
 garbage-first heap   total 262144K, used 22680K [0x0000000080000000, 0x0000000100000000)
  region size 1024K, 6 young (6144K), 6 survivors (6144K)
 Metaspace       used 35175K, capacity 35950K, committed 36048K, reserved 1081344K
  class space    used 4517K, capacity 4834K, committed 4896K, reserved 1048576K
}
Event: 8.059 GC heap before
{Heap before GC invocations=6 (full 0):
 garbage-first heap   total 262144K, used 152728K [0x0000000080000000, 0x0000000100000000)
  region size 1024K, 130 young (133120K), 6 survivors (6144K)
 Metaspace       used 45828K, capacity 46898K, committed 47184K, reserved 1089536K
  class space    used 5809K, capacity 6187K, committed 6304K, reserved 1048576K
}
Event: 8.072 GC heap after
{Heap after GC invocations=7 (full 0):
 garbage-first heap   total 262144K, used 29731K [0x0000000080000000, 0x0000000100000000)
  region size 1024K, 13 young (13312K), 13 survivors (13312K)
 Metaspace       used 45828K, capacity 46898K, committed 47184K, reserved 1089536K
  class space    used 5809K, capacity 6187K, committed 6304K, reserved 1048576K
}
Event: 28.291 GC heap before
{Heap before GC invocations=7 (full 0):
 garbage-first heap   total 262144K, used 180259K [0x0000000080000000, 0x0000000100000000)
  region size 1024K, 151 young (154624K), 13 survivors (13312K)
 Metaspace       used 56848K, capacity 58204K, committed 58320K, reserved 1099776K
  class space    used 7127K, capacity 7652K, committed 7712K, reserved 1048576K
}
Event: 28.325 GC heap after
{Heap after GC invocations=8 (full 0):
 garbage-first heap   total 262144K, used 49890K [0x0000000080000000, 0x0000000100000000)
  region size 1024K, 18 young (18432K), 18 survivors (18432K)
 Metaspace       used 56848K, capacity 58204K, committed 58320K, reserved 1099776K
  class space    used 7127K, capacity 7652K, committed 7712K, reserved 1048576K
}

